<?xml version="1.0" encoding="UTF-8"?>
<!-- Generated by org.testng.reporters.JUnitXMLReporter -->
<testsuite ignored="0" hostname="Sathyajith-pc" failures="0" tests="5" name="Default test" time="54.356" errors="0" timestamp="2026-01-25T21:08:42 IST">
  <testcase classname="Test.Testclass" name="addProductsToCart" time="9.875"/>
  <testcase classname="Test.Testclass" name="addProductsToCart" time="10.563"/>
  <testcase classname="Test.Testclass" name="addProductsToCart" time="10.882"/>
  <testcase classname="Test.Testclass" name="addFourthProductFromMenu" time="5.748"/>
  <testcase classname="Test.Testclass" name="openVerifyAndCaptureFinalCart" time="2.72"/>
</testsuite> <!-- Default test -->
