<?xml version="1.0" encoding="UTF-8"?>
<!-- Generated by org.testng.reporters.JUnitReportReporter -->
<testsuite hostname="Sathyajith-pc" failures="0" tests="5" name="Test.Testclass" time="39.788" errors="0" timestamp="2026-01-25T21:08:42 IST" skipped="0">
  <testcase classname="Test.Testclass" name="addProductsToCart" time="9.875"/>
  <testcase classname="Test.Testclass" name="addProductsToCart" time="10.882"/>
  <testcase classname="Test.Testclass" name="addProductsToCart" time="10.563"/>
  <testcase classname="Test.Testclass" name="addFourthProductFromMenu" time="5.748"/>
  <testcase classname="Test.Testclass" name="openVerifyAndCaptureFinalCart" time="2.720"/>
</testsuite> <!-- Test.Testclass -->
