<?xml version="1.0" encoding="UTF-8"?>
<testng-results ignored="0" total="5" passed="5" failed="0" skipped="0">
  <reporter-output>
  </reporter-output>
  <suite started-at="2026-01-25T21:07:48 IST" name="Default suite" finished-at="2026-01-25T21:08:42 IST" duration-ms="54356">
    <groups>
    </groups>
    <test started-at="2026-01-25T21:07:48 IST" name="Default test" finished-at="2026-01-25T21:08:42 IST" duration-ms="54356">
      <class name="Test.Testclass">
        <test-method is-config="true" signature="setUp()[pri:0, instance:Test.Testclass@489115ef]" started-at="2026-01-25T21:07:48 IST" name="setUp" finished-at="2026-01-25T21:08:02 IST" duration-ms="14460" status="PASS">
          <reporter-output>
          </reporter-output>
        </test-method> <!-- setUp -->
        <test-method is-config="true" signature="setupPages()[pri:0, instance:Test.Testclass@489115ef]" started-at="2026-01-25T21:08:02 IST" name="setupPages" finished-at="2026-01-25T21:08:02 IST" duration-ms="29" status="PASS">
          <reporter-output>
          </reporter-output>
        </test-method> <!-- setupPages -->
        <test-method signature="addProductsToCart(java.lang.String)[pri:1, instance:Test.Testclass@489115ef]" started-at="2026-01-25T21:08:02 IST" name="addProductsToCart" data-provider="products" finished-at="2026-01-25T21:08:12 IST" duration-ms="9875" status="PASS">
          <params>
            <param index="0">
              <value>
                <![CDATA[ipad]]>
              </value>
            </param>
          </params>
          <reporter-output>
          </reporter-output>
        </test-method> <!-- addProductsToCart -->
        <test-method signature="addProductsToCart(java.lang.String)[pri:1, instance:Test.Testclass@489115ef]" started-at="2026-01-25T21:08:12 IST" name="addProductsToCart" data-provider="products" finished-at="2026-01-25T21:08:23 IST" duration-ms="10563" status="PASS">
          <params>
            <param index="0">
              <value>
                <![CDATA[airpods]]>
              </value>
            </param>
          </params>
          <reporter-output>
          </reporter-output>
        </test-method> <!-- addProductsToCart -->
        <test-method signature="addProductsToCart(java.lang.String)[pri:1, instance:Test.Testclass@489115ef]" started-at="2026-01-25T21:08:23 IST" name="addProductsToCart" data-provider="products" finished-at="2026-01-25T21:08:34 IST" duration-ms="10882" status="PASS">
          <params>
            <param index="0">
              <value>
                <![CDATA[laptop]]>
              </value>
            </param>
          </params>
          <reporter-output>
          </reporter-output>
        </test-method> <!-- addProductsToCart -->
        <test-method signature="addFourthProductFromMenu()[pri:2, instance:Test.Testclass@489115ef]" started-at="2026-01-25T21:08:34 IST" name="addFourthProductFromMenu" finished-at="2026-01-25T21:08:39 IST" duration-ms="5748" status="PASS">
          <reporter-output>
          </reporter-output>
        </test-method> <!-- addFourthProductFromMenu -->
        <test-method signature="openVerifyAndCaptureFinalCart()[pri:3, instance:Test.Testclass@489115ef]" started-at="2026-01-25T21:08:39 IST" name="openVerifyAndCaptureFinalCart" finished-at="2026-01-25T21:08:42 IST" duration-ms="2720" status="PASS">
          <reporter-output>
          </reporter-output>
        </test-method> <!-- openVerifyAndCaptureFinalCart -->
      </class> <!-- Test.Testclass -->
    </test> <!-- Default test -->
  </suite> <!-- Default suite -->
</testng-results>
